[0m00:32:46.582517 [debug] [MainThread]: Sending event: {'category': 'dbt', 'action': 'invocation', 'label': 'start', 'context': [<snowplow_tracker.self_describing_json.SelfDescribingJson object at 0x00000232422DD350>, <snowplow_tracker.self_describing_json.SelfDescribingJson object at 0x0000023241F1AA10>, <snowplow_tracker.self_describing_json.SelfDescribingJson object at 0x00000232422D79D0>]}


============================== 00:32:46.593816 | 9fdb163d-db66-4ac4-8eb6-f9c3db08641c ==============================
[0m00:32:46.593816 [info ] [MainThread]: Running with dbt=1.7.13
[0m00:32:46.594806 [debug] [MainThread]: running dbt with arguments {'printer_width': '80', 'indirect_selection': 'eager', 'write_json': 'True', 'log_cache_events': 'False', 'partial_parse': 'True', 'cache_selected_only': 'False', 'profiles_dir': 'C:\\Users\\victo\\.dbt', 'debug': 'False', 'fail_fast': 'False', 'log_path': 'logs', 'warn_error': 'None', 'version_check': 'True', 'use_colors': 'True', 'use_experimental_parser': 'False', 'no_print': 'None', 'quiet': 'False', 'log_format': 'default', 'invocation_command': 'dbt init algora_project', 'static_parser': 'True', 'introspect': 'True', 'target_path': 'None', 'warn_error_options': 'WarnErrorOptions(include=[], exclude=[])', 'send_anonymous_usage_stats': 'True'}
[0m00:32:46.596806 [warn ] [MainThread]: [ConfigFolderDirectory]: Unable to parse dict {'dir': WindowsPath('C:/Users/victo/.dbt')}
[0m00:32:46.598806 [info ] [MainThread]: Creating dbt configuration folder at 
[0m00:32:46.601808 [debug] [MainThread]: Starter project path: C:\Users\victo\anaconda3\Lib\site-packages\dbt\include\starter_project
[0m00:32:46.682576 [info ] [MainThread]: 
Your new dbt project "algora_project" was created!

For more information on how to configure the profiles.yml file,
please consult the dbt documentation here:

  https://docs.getdbt.com/docs/configure-your-profile

One more thing:

Need help? Don't hesitate to reach out to us via GitHub issues or on Slack:

  https://community.getdbt.com/

Happy modeling!

[0m00:32:46.682576 [info ] [MainThread]: Setting up your profile.
[0m00:41:52.402284 [info ] [MainThread]: Profile algora_project written to C:\Users\victo\.dbt\profiles.yml using target's profile_template.yml and your supplied values. Run 'dbt debug' to validate the connection.
[0m00:41:52.408736 [debug] [MainThread]: Command `dbt init` succeeded at 00:41:52.402284 after 545.87 seconds
[0m00:41:52.409051 [debug] [MainThread]: Sending event: {'category': 'dbt', 'action': 'invocation', 'label': 'end', 'context': [<snowplow_tracker.self_describing_json.SelfDescribingJson object at 0x00000232422E8DD0>, <snowplow_tracker.self_describing_json.SelfDescribingJson object at 0x000002323B7C4BD0>, <snowplow_tracker.self_describing_json.SelfDescribingJson object at 0x000002323B7C4C10>]}
[0m00:41:52.410085 [debug] [MainThread]: Flushing usage events
[0m00:42:37.024211 [debug] [MainThread]: Sending event: {'category': 'dbt', 'action': 'invocation', 'label': 'start', 'context': [<snowplow_tracker.self_describing_json.SelfDescribingJson object at 0x000002A1C7555BD0>, <snowplow_tracker.self_describing_json.SelfDescribingJson object at 0x000002A1C7006950>, <snowplow_tracker.self_describing_json.SelfDescribingJson object at 0x000002A1C7555490>]}


============================== 00:42:37.024211 | adfd1eab-fc05-47de-b00a-1c0880ad8429 ==============================
[0m00:42:37.024211 [info ] [MainThread]: Running with dbt=1.7.13
[0m00:42:37.032321 [debug] [MainThread]: running dbt with arguments {'printer_width': '80', 'indirect_selection': 'eager', 'log_cache_events': 'False', 'write_json': 'True', 'partial_parse': 'True', 'cache_selected_only': 'False', 'profiles_dir': 'C:\\Users\\victo\\.dbt', 'version_check': 'True', 'warn_error': 'None', 'log_path': 'logs', 'debug': 'False', 'fail_fast': 'False', 'use_colors': 'True', 'use_experimental_parser': 'False', 'no_print': 'None', 'quiet': 'False', 'log_format': 'default', 'invocation_command': 'dbt debug', 'introspect': 'True', 'static_parser': 'True', 'target_path': 'None', 'warn_error_options': 'WarnErrorOptions(include=[], exclude=[])', 'send_anonymous_usage_stats': 'True'}
[0m00:42:37.032321 [info ] [MainThread]: dbt version: 1.7.13
[0m00:42:37.032321 [info ] [MainThread]: python version: 3.11.5
[0m00:42:37.032321 [info ] [MainThread]: python path: C:\Users\victo\anaconda3\python.exe
[0m00:42:37.032321 [info ] [MainThread]: os info: Windows-10-10.0.22621-SP0
[0m00:42:37.180426 [info ] [MainThread]: Using profiles dir at C:\Users\victo\.dbt
[0m00:42:37.182802 [info ] [MainThread]: Using profiles.yml file at C:\Users\victo\.dbt\profiles.yml
[0m00:42:37.183627 [info ] [MainThread]: Using dbt_project.yml file at C:\Users\victo\OneDrive\Desktop\dbt project\dbt_project.yml
[0m00:42:37.186637 [info ] [MainThread]: adapter type: postgres
[0m00:42:37.187628 [info ] [MainThread]: adapter version: 1.7.13
[0m00:42:37.189627 [info ] [MainThread]: Configuration:
[0m00:42:37.190627 [info ] [MainThread]:   profiles.yml file [[32mOK found and valid[0m]
[0m00:42:37.190627 [info ] [MainThread]:   dbt_project.yml file [[31mERROR not found[0m]
[0m00:42:37.192291 [info ] [MainThread]: Required dependencies:
[0m00:42:37.194185 [debug] [MainThread]: Executing "git --help"
[0m00:42:37.247290 [debug] [MainThread]: STDOUT: "b"usage: git [-v | --version] [-h | --help] [-C <path>] [-c <name>=<value>]\n           [--exec-path[=<path>]] [--html-path] [--man-path] [--info-path]\n           [-p | --paginate | -P | --no-pager] [--no-replace-objects] [--bare]\n           [--git-dir=<path>] [--work-tree=<path>] [--namespace=<name>]\n           [--config-env=<name>=<envvar>] <command> [<args>]\n\nThese are common Git commands used in various situations:\n\nstart a working area (see also: git help tutorial)\n   clone     Clone a repository into a new directory\n   init      Create an empty Git repository or reinitialize an existing one\n\nwork on the current change (see also: git help everyday)\n   add       Add file contents to the index\n   mv        Move or rename a file, a directory, or a symlink\n   restore   Restore working tree files\n   rm        Remove files from the working tree and from the index\n\nexamine the history and state (see also: git help revisions)\n   bisect    Use binary search to find the commit that introduced a bug\n   diff      Show changes between commits, commit and working tree, etc\n   grep      Print lines matching a pattern\n   log       Show commit logs\n   show      Show various types of objects\n   status    Show the working tree status\n\ngrow, mark and tweak your common history\n   branch    List, create, or delete branches\n   commit    Record changes to the repository\n   merge     Join two or more development histories together\n   rebase    Reapply commits on top of another base tip\n   reset     Reset current HEAD to the specified state\n   switch    Switch branches\n   tag       Create, list, delete or verify a tag object signed with GPG\n\ncollaborate (see also: git help workflows)\n   fetch     Download objects and refs from another repository\n   pull      Fetch from and integrate with another repository or a local branch\n   push      Update remote refs along with associated objects\n\n'git help -a' and 'git help -g' list available subcommands and some\nconcept guides. See 'git help <command>' or 'git help <concept>'\nto read about a specific subcommand or concept.\nSee 'git help git' for an overview of the system.\n""
[0m00:42:37.247290 [debug] [MainThread]: STDERR: "b''"
[0m00:42:37.252358 [info ] [MainThread]:  - git [[32mOK found[0m]

[0m00:42:37.252358 [info ] [MainThread]: Connection:
[0m00:42:37.252358 [info ] [MainThread]:   host: localhost
[0m00:42:37.252358 [info ] [MainThread]:   port: 5432
[0m00:42:37.255973 [info ] [MainThread]:   user: postgres
[0m00:42:37.255973 [info ] [MainThread]:   database: northwind_raw
[0m00:42:37.255973 [info ] [MainThread]:   schema: public
[0m00:42:37.255973 [info ] [MainThread]:   connect_timeout: 10
[0m00:42:37.255973 [info ] [MainThread]:   role: None
[0m00:42:37.262717 [info ] [MainThread]:   search_path: None
[0m00:42:37.262717 [info ] [MainThread]:   keepalives_idle: 0
[0m00:42:37.262717 [info ] [MainThread]:   sslmode: None
[0m00:42:37.262717 [info ] [MainThread]:   sslcert: None
[0m00:42:37.262717 [info ] [MainThread]:   sslkey: None
[0m00:42:37.262717 [info ] [MainThread]:   sslrootcert: None
[0m00:42:37.262717 [info ] [MainThread]:   application_name: dbt
[0m00:42:37.262717 [info ] [MainThread]:   retries: 1
[0m00:42:37.262717 [info ] [MainThread]: Registered adapter: postgres=1.7.13
[0m00:42:37.273056 [debug] [MainThread]: Acquiring new postgres connection 'debug'
[0m00:42:37.273056 [debug] [MainThread]: Using postgres connection "debug"
[0m00:42:37.275060 [debug] [MainThread]: On debug: select 1 as id
[0m00:42:37.276000 [debug] [MainThread]: Opening a new connection, currently in state init
[0m00:42:37.352292 [debug] [MainThread]: SQL status: SELECT 1 in 0.0 seconds
[0m00:42:37.352292 [debug] [MainThread]: On debug: Close
[0m00:42:37.352292 [info ] [MainThread]:   Connection test: [[32mOK connection ok[0m]

[0m00:42:37.352292 [info ] [MainThread]: [31m1 check failed:[0m
[0m00:42:37.352292 [info ] [MainThread]: Project loading failed for the following reason:
 project path <C:\Users\victo\OneDrive\Desktop\dbt project\dbt_project.yml> not found

[0m00:42:37.359773 [debug] [MainThread]: Command `dbt debug` failed at 00:42:37.359773 after 0.44 seconds
[0m00:42:37.359773 [debug] [MainThread]: Connection 'debug' was properly closed.
[0m00:42:37.362295 [debug] [MainThread]: Sending event: {'category': 'dbt', 'action': 'invocation', 'label': 'end', 'context': [<snowplow_tracker.self_describing_json.SelfDescribingJson object at 0x000002A1C0A44A90>, <snowplow_tracker.self_describing_json.SelfDescribingJson object at 0x000002A1C0A44C10>, <snowplow_tracker.self_describing_json.SelfDescribingJson object at 0x000002A1C0A44BD0>]}
[0m00:42:37.362295 [debug] [MainThread]: Flushing usage events
[0m00:44:12.682024 [debug] [MainThread]: Sending event: {'category': 'dbt', 'action': 'invocation', 'label': 'start', 'context': [<snowplow_tracker.self_describing_json.SelfDescribingJson object at 0x0000028AAF7FDE50>, <snowplow_tracker.self_describing_json.SelfDescribingJson object at 0x0000028AAF796810>, <snowplow_tracker.self_describing_json.SelfDescribingJson object at 0x0000028AAF7E6DD0>]}


============================== 00:44:12.682024 | 07559f3f-4396-4b07-93d3-e49373bd37c9 ==============================
[0m00:44:12.682024 [info ] [MainThread]: Running with dbt=1.7.13
[0m00:44:12.682024 [debug] [MainThread]: running dbt with arguments {'printer_width': '80', 'indirect_selection': 'eager', 'log_cache_events': 'False', 'write_json': 'True', 'partial_parse': 'True', 'cache_selected_only': 'False', 'profiles_dir': 'C:\\Users\\victo\\.dbt', 'debug': 'False', 'fail_fast': 'False', 'log_path': 'logs', 'warn_error': 'None', 'version_check': 'True', 'use_colors': 'True', 'use_experimental_parser': 'False', 'no_print': 'None', 'quiet': 'False', 'warn_error_options': 'WarnErrorOptions(include=[], exclude=[])', 'invocation_command': 'dbt run', 'static_parser': 'True', 'introspect': 'True', 'target_path': 'None', 'log_format': 'default', 'send_anonymous_usage_stats': 'True'}
[0m00:44:12.682024 [error] [MainThread]: Encountered an error:
Runtime Error
  No dbt_project.yml found at expected path C:\Users\victo\OneDrive\Desktop\dbt project\dbt_project.yml
  Verify that each entry within packages.yml (and their transitive dependencies) contains a file named dbt_project.yml
  
[0m00:44:12.693374 [debug] [MainThread]: Command `dbt run` failed at 00:44:12.693374 after 0.07 seconds
[0m00:44:12.694382 [debug] [MainThread]: Sending event: {'category': 'dbt', 'action': 'invocation', 'label': 'end', 'context': [<snowplow_tracker.self_describing_json.SelfDescribingJson object at 0x0000028AAF7FEA10>, <snowplow_tracker.self_describing_json.SelfDescribingJson object at 0x0000028AAF7FEBD0>, <snowplow_tracker.self_describing_json.SelfDescribingJson object at 0x0000028AA8C54AD0>]}
[0m00:44:12.695383 [debug] [MainThread]: Flushing usage events
[0m10:36:24.185321 [debug] [MainThread]: Sending event: {'category': 'dbt', 'action': 'invocation', 'label': 'start', 'context': [<snowplow_tracker.self_describing_json.SelfDescribingJson object at 0x0000022410373FD0>, <snowplow_tracker.self_describing_json.SelfDescribingJson object at 0x000002240FA85E90>, <snowplow_tracker.self_describing_json.SelfDescribingJson object at 0x000002240FA84F10>]}


============================== 10:36:24.185321 | 4a1f619b-ae11-4a08-af7e-de20f1e058b6 ==============================
[0m10:36:24.185321 [info ] [MainThread]: Running with dbt=1.7.0
[0m10:36:24.185321 [debug] [MainThread]: running dbt with arguments {'printer_width': '80', 'indirect_selection': 'eager', 'write_json': 'True', 'log_cache_events': 'False', 'partial_parse': 'True', 'cache_selected_only': 'False', 'warn_error': 'None', 'fail_fast': 'False', 'version_check': 'True', 'log_path': 'logs', 'profiles_dir': 'C:\\Users\\victo\\.dbt', 'debug': 'False', 'use_colors': 'True', 'use_experimental_parser': 'False', 'no_print': 'None', 'quiet': 'False', 'warn_error_options': 'WarnErrorOptions(include=[], exclude=[])', 'static_parser': 'True', 'log_format': 'default', 'introspect': 'True', 'target_path': 'None', 'invocation_command': 'dbt run', 'send_anonymous_usage_stats': 'True'}
[0m10:36:24.185321 [error] [MainThread]: Encountered an error:
Runtime Error
  No dbt_project.yml found at expected path C:\Users\victo\OneDrive\Desktop\dbt project\dbt_project.yml
  Verify that each entry within packages.yml (and their transitive dependencies) contains a file named dbt_project.yml
  
[0m10:36:24.185321 [debug] [MainThread]: Command `dbt run` failed at 10:36:24.185321 after 0.07 seconds
[0m10:36:24.185321 [debug] [MainThread]: Sending event: {'category': 'dbt', 'action': 'invocation', 'label': 'end', 'context': [<snowplow_tracker.self_describing_json.SelfDescribingJson object at 0x000002241033A610>, <snowplow_tracker.self_describing_json.SelfDescribingJson object at 0x0000022410378F90>, <snowplow_tracker.self_describing_json.SelfDescribingJson object at 0x0000022410378ED0>]}
[0m10:36:24.185321 [debug] [MainThread]: Flushing usage events
